<?xml version="1.0" encoding="UTF-8"?>
<!-- Generated by org.testng.reporters.JUnitXMLReporter -->
<testsuite ignored="0" hostname="DESKTOP-F9QUEEP" failures="0" tests="3" name="Default test" time="17.679" errors="0" timestamp="2023-01-06T22:30:38 GMT-05:00">
  <testcase classname="testcases.BankLogin" name="applyForLoan" time="2.811"/>
  <testcase classname="testcases.BankLogin" name="applyForLoanPageFactory" time="2.623"/>
  <testcase classname="testcases.BankLogin" name="login" time="2.154"/>
</testsuite> <!-- Default test -->
