<?xml version="1.0" encoding="UTF-8"?>
<!-- Generated by org.testng.reporters.JUnitXMLReporter -->
<testsuite ignored="0" hostname="DESKTOP-F9QUEEP" failures="0" tests="4" name="Command line test" time="0.078" errors="0" timestamp="2022-12-18T22:18:39 GMT-05:00">
  <testcase classname="lesson23.TestA" name="testA1" time="0.006"/>
  <testcase classname="lesson23.TestA" name="testA2" time="0.001"/>
  <testcase classname="lesson23.TestB" name="testB1" time="0.0"/>
  <testcase classname="lesson23.TestB" name="testB2" time="0.001"/>
</testsuite> <!-- Command line test -->
