<?xml version="1.0" encoding="UTF-8"?>
<!-- Generated by org.testng.reporters.JUnitXMLReporter -->
<testsuite ignored="0" hostname="DESKTOP-F9QUEEP" failures="0" tests="7" name="Test" time="16.106" errors="0" timestamp="2022-12-29T23:01:02 GMT-05:00">
  <testcase classname="lesson23.TestA" name="testA1" time="0.011"/>
  <testcase classname="lesson23.TestA" name="testA2" time="0.0"/>
  <testcase classname="lesson23.TestB" name="testB1" time="0.0"/>
  <testcase classname="lesson23.TestB" name="testB2" time="0.002"/>
  <testcase classname="testcases.BankLogin" name="applyForLoan" time="3.289"/>
  <testcase classname="testcases.BankLogin" name="applyForLoanPageFactory" time="3.421"/>
  <testcase classname="testcases.BankLogin" name="login" time="2.438"/>
</testsuite> <!-- Test -->
