<?xml version="1.0" encoding="UTF-8"?>
<testng-results ignored="0" total="2" passed="2" failed="0" skipped="0">
  <reporter-output>
  </reporter-output>
  <suite started-at="2023-01-11T23:48:09 GMT-05:00" name="Suite" finished-at="2023-01-11T23:48:09 GMT-05:00" duration-ms="116">
    <groups>
    </groups>
    <test started-at="2023-01-11T23:48:09 GMT-05:00" name="Test" finished-at="2023-01-11T23:48:09 GMT-05:00" duration-ms="116">
      <class name="lesson23.TestA">
        <test-method signature="testA1()[pri:0, instance:lesson23.TestA@363ee3a2]" started-at="2023-01-11T23:48:09 GMT-05:00" name="testA1" finished-at="2023-01-11T23:48:09 GMT-05:00" duration-ms="8" status="PASS">
          <reporter-output>
          </reporter-output>
        </test-method> <!-- testA1 -->
        <test-method signature="testA2()[pri:0, instance:lesson23.TestA@363ee3a2]" started-at="2023-01-11T23:48:09 GMT-05:00" name="testA2" finished-at="2023-01-11T23:48:09 GMT-05:00" duration-ms="1" status="PASS">
          <reporter-output>
          </reporter-output>
        </test-method> <!-- testA2 -->
      </class> <!-- lesson23.TestA -->
    </test> <!-- Test -->
  </suite> <!-- Suite -->
</testng-results>
